<?xml version="1.0" encoding="UTF-8"?>
<!-- Generated by org.testng.reporters.JUnitXMLReporter -->
<testsuite hostname="DESKTOP-2TMQMFN" ignored="0" name="Test" tests="6" failures="0" timestamp="20 Jan 2019 05:41:33 GMT" time="20.664" errors="0">
  <testcase name="launchFlightReservationApplication" time="4.443" classname="testcases.ExcuteTest"/>
  <testcase name="verifyLinks" time="0.52" classname="testcases.ExcuteTest"/>
  <testcase name="verifyWebTable" time="0.979" classname="testcases.ExcuteTest"/>
  <testcase name="login" time="5.813" classname="testcases.ExcuteTest"/>
  <testcase name="reserveAFlight" time="2.872" classname="testcases.ExcuteTest"/>
  <testcase name="bookATicket" time="1.749" classname="testcases.ExcuteTest"/>
</testsuite> <!-- Test -->
