<?xml version="1.0" encoding="UTF-8"?>
<!-- Generated by org.testng.reporters.JUnitXMLReporter -->
<testsuite hostname="DESKTOP-2TMQMFN" ignored="0" name="Test" tests="6" failures="0" timestamp="31 Dec 2018 16:25:45 GMT" time="22.038" errors="0">
  <testcase name="launchFlightReservationApplication" time="4.633" classname="testcases.ExcuteTest"/>
  <testcase name="verifyLinks" time="0.734" classname="testcases.ExcuteTest"/>
  <testcase name="verifyWebTable" time="0.886" classname="testcases.ExcuteTest"/>
  <testcase name="login" time="5.856" classname="testcases.ExcuteTest"/>
  <testcase name="reserveAFlight" time="3.808" classname="testcases.ExcuteTest"/>
  <testcase name="bookATicket" time="1.976" classname="testcases.ExcuteTest"/>
</testsuite> <!-- Test -->
